<?xml version="1.0" encoding="UTF-8"?>
<!-- Generated by org.testng.reporters.JUnitReportReporter -->
<testsuite skipped="0" hostname="Sumeshs-MBP.attlocal.net" name="GenerateUserTest" tests="13" failures="0" timestamp="14 Jun 2020 21:13:41 GMT" time="0.381" errors="0">
  <testcase name="assertCountry" time="0.068" classname="GenerateUserTest"/>
  <testcase name="assertLowerCountryCode" time="0.044" classname="GenerateUserTest"/>
  <testcase name="assertCountry" time="0.029" classname="GenerateUserTest"/>
  <testcase name="assertPhoneNumSchema" time="0.014" classname="GenerateUserTest"/>
  <testcase name="assertLowerCountryCode" time="0.041" classname="GenerateUserTest"/>
  <testcase name="assertLowerCountryCode" time="0.040" classname="GenerateUserTest"/>
  <testcase name="assertNameSchema" time="0.016" classname="GenerateUserTest"/>
  <testcase name="assertCountry" time="0.046" classname="GenerateUserTest"/>
  <testcase name="assertDOB" time="0.017" classname="GenerateUserTest"/>
  <testcase name="assertHeaders" time="0.013" classname="GenerateUserTest"/>
  <testcase name="assertHeaders" time="0.026" classname="GenerateUserTest"/>
  <testcase name="assertHeaders" time="0.015" classname="GenerateUserTest"/>
  <testcase name="assertZip" time="0.012" classname="GenerateUserTest"/>
</testsuite> <!-- GenerateUserTest -->
