<?xml version="1.0" encoding="UTF-8"?>
<!-- Generated by org.testng.reporters.JUnitReportReporter -->
<testsuite skipped="0" hostname="Sumeshs-MBP.attlocal.net" name="GenerateUserNegativeTest" tests="9" failures="0" timestamp="14 Jun 2020 21:13:41 GMT" time="1.866" errors="0">
  <testcase name="assertNonExistEndPoint" time="0.029" classname="GenerateUserNegativeTest"/>
  <testcase name="assertNonExistContentType" time="0.033" classname="GenerateUserNegativeTest"/>
  <testcase name="assertNonExistContentType" time="0.377" classname="GenerateUserNegativeTest"/>
  <testcase name="assertNonExistCountryCodeTest" time="0.016" classname="GenerateUserNegativeTest"/>
  <testcase name="assertNonExistEndPoint" time="0.021" classname="GenerateUserNegativeTest"/>
  <testcase name="assertNullCountryCodeTest" time="0.014" classname="GenerateUserNegativeTest"/>
  <testcase name="assertNonExistEndPoint" time="0.024" classname="GenerateUserNegativeTest"/>
  <testcase name="assertNonExistContentType" time="0.030" classname="GenerateUserNegativeTest"/>
  <testcase name="assertEmptyCountryCodeTest" time="1.322" classname="GenerateUserNegativeTest"/>
</testsuite> <!-- GenerateUserNegativeTest -->
